2018-05-16 11:46:17 [scrapy.utils.log] INFO: Scrapy 1.5.0 started (bot: myblog)
2018-05-16 11:46:17 [scrapy.utils.log] INFO: Versions: lxml 4.1.1.0, libxml2 2.9.5, cssselect 1.0.3, parsel 1.4.0, w3lib 1.19.0, Twisted 17.9.0, Python 3.6.4 (v3.6.4:d48eceb, Dec 19 2017, 06:04:45) [MSC v.1900 32 bit (Intel)], pyOpenSSL 17.5.0 (OpenSSL 1.1.0g  2 Nov 2017), cryptography 2.1.4, Platform Windows-7-6.1.7601-SP1
2018-05-16 11:46:17 [scrapy.crawler] INFO: Overridden settings: {'BOT_NAME': 'myblog', 'CONCURRENT_REQUESTS_PER_DOMAIN': 16, 'COOKIES_ENABLED': False, 'DOWNLOAD_DELAY': 3, 'LOG_ENABLED': False, 'LOG_FILE': 'log20180516.log', 'LOG_LEVEL': 'INFO', 'LOG_STDOUT': True, 'NEWSPIDER_MODULE': 'myblog.spiders', 'ROBOTSTXT_OBEY': True, 'SPIDER_MODULES': ['myblog.spiders'], 'USER_AGENT': 'Mozilla/5.0 (Windows NT 6.1; WOW64) AppleWebKit/537.36 (KHTML, like Gecko) Chrome/66.0.3359.139 Safari/537.36'}
2018-05-16 11:46:17 [scrapy.middleware] INFO: Enabled extensions:
['scrapy.extensions.corestats.CoreStats',
 'scrapy.extensions.telnet.TelnetConsole',
 'scrapy.extensions.logstats.LogStats']
2018-05-16 11:46:21 [scrapy.middleware] INFO: Enabled downloader middlewares:
['scrapy.downloadermiddlewares.robotstxt.RobotsTxtMiddleware',
 'scrapy.downloadermiddlewares.httpauth.HttpAuthMiddleware',
 'scrapy.downloadermiddlewares.downloadtimeout.DownloadTimeoutMiddleware',
 'scrapy.downloadermiddlewares.defaultheaders.DefaultHeadersMiddleware',
 'scrapy.downloadermiddlewares.useragent.UserAgentMiddleware',
 'scrapy.downloadermiddlewares.retry.RetryMiddleware',
 'scrapy.downloadermiddlewares.redirect.MetaRefreshMiddleware',
 'scrapy.downloadermiddlewares.httpcompression.HttpCompressionMiddleware',
 'scrapy.downloadermiddlewares.redirect.RedirectMiddleware',
 'scrapy.downloadermiddlewares.httpproxy.HttpProxyMiddleware',
 'scrapy.downloadermiddlewares.stats.DownloaderStats']
2018-05-16 11:46:21 [scrapy.middleware] INFO: Enabled spider middlewares:
['scrapy.spidermiddlewares.httperror.HttpErrorMiddleware',
 'scrapy.spidermiddlewares.offsite.OffsiteMiddleware',
 'scrapy.spidermiddlewares.referer.RefererMiddleware',
 'scrapy.spidermiddlewares.urllength.UrlLengthMiddleware',
 'scrapy.spidermiddlewares.depth.DepthMiddleware']
2018-05-16 11:46:21 [scrapy.middleware] INFO: Enabled item pipelines:
['myblog.pipelines.MyblogPipeline']
2018-05-16 11:46:21 [scrapy.core.engine] INFO: Spider opened
2018-05-16 11:46:21 [scrapy.extensions.logstats] INFO: Crawled 0 pages (at 0 pages/min), scraped 0 items (at 0 items/min)
2018-05-16 11:46:25 [scrapy.core.engine] INFO: Closing spider (finished)
2018-05-16 11:46:25 [scrapy.statscollectors] INFO: Dumping Scrapy stats:
{'downloader/request_bytes': 604,
 'downloader/request_count': 2,
 'downloader/request_method_count/GET': 2,
 'downloader/response_bytes': 23919,
 'downloader/response_count': 2,
 'downloader/response_status_count/200': 1,
 'downloader/response_status_count/404': 1,
 'finish_reason': 'finished',
 'finish_time': datetime.datetime(2018, 5, 16, 3, 46, 25, 620928),
 'log_count/INFO': 7,
 'response_received_count': 2,
 'scheduler/dequeued': 1,
 'scheduler/dequeued/memory': 1,
 'scheduler/enqueued': 1,
 'scheduler/enqueued/memory': 1,
 'start_time': datetime.datetime(2018, 5, 16, 3, 46, 21, 76320)}
2018-05-16 11:46:25 [scrapy.core.engine] INFO: Spider closed (finished)
2018-05-16 11:52:40 [scrapy.utils.log] INFO: Scrapy 1.5.0 started (bot: myblog)
2018-05-16 11:52:40 [scrapy.utils.log] INFO: Versions: lxml 4.1.1.0, libxml2 2.9.5, cssselect 1.0.3, parsel 1.4.0, w3lib 1.19.0, Twisted 17.9.0, Python 3.6.4 (v3.6.4:d48eceb, Dec 19 2017, 06:04:45) [MSC v.1900 32 bit (Intel)], pyOpenSSL 17.5.0 (OpenSSL 1.1.0g  2 Nov 2017), cryptography 2.1.4, Platform Windows-7-6.1.7601-SP1
2018-05-16 11:52:40 [scrapy.crawler] INFO: Overridden settings: {'BOT_NAME': 'myblog', 'CONCURRENT_REQUESTS_PER_DOMAIN': 16, 'COOKIES_ENABLED': False, 'DOWNLOAD_DELAY': 3, 'LOG_ENABLED': False, 'LOG_FILE': 'log20180516.log', 'LOG_LEVEL': 'INFO', 'LOG_STDOUT': True, 'NEWSPIDER_MODULE': 'myblog.spiders', 'ROBOTSTXT_OBEY': True, 'SPIDER_MODULES': ['myblog.spiders'], 'USER_AGENT': 'Mozilla/5.0 (Windows NT 6.1; WOW64) AppleWebKit/537.36 (KHTML, like Gecko) Chrome/66.0.3359.139 Safari/537.36'}
2018-05-16 11:52:40 [scrapy.middleware] INFO: Enabled extensions:
['scrapy.extensions.corestats.CoreStats',
 'scrapy.extensions.telnet.TelnetConsole',
 'scrapy.extensions.logstats.LogStats']
2018-05-16 11:52:44 [scrapy.middleware] INFO: Enabled downloader middlewares:
['scrapy.downloadermiddlewares.robotstxt.RobotsTxtMiddleware',
 'scrapy.downloadermiddlewares.httpauth.HttpAuthMiddleware',
 'scrapy.downloadermiddlewares.downloadtimeout.DownloadTimeoutMiddleware',
 'scrapy.downloadermiddlewares.defaultheaders.DefaultHeadersMiddleware',
 'scrapy.downloadermiddlewares.useragent.UserAgentMiddleware',
 'scrapy.downloadermiddlewares.retry.RetryMiddleware',
 'scrapy.downloadermiddlewares.redirect.MetaRefreshMiddleware',
 'scrapy.downloadermiddlewares.httpcompression.HttpCompressionMiddleware',
 'scrapy.downloadermiddlewares.redirect.RedirectMiddleware',
 'scrapy.downloadermiddlewares.httpproxy.HttpProxyMiddleware',
 'scrapy.downloadermiddlewares.stats.DownloaderStats']
2018-05-16 11:52:44 [scrapy.middleware] INFO: Enabled spider middlewares:
['scrapy.spidermiddlewares.httperror.HttpErrorMiddleware',
 'scrapy.spidermiddlewares.offsite.OffsiteMiddleware',
 'scrapy.spidermiddlewares.referer.RefererMiddleware',
 'scrapy.spidermiddlewares.urllength.UrlLengthMiddleware',
 'scrapy.spidermiddlewares.depth.DepthMiddleware']
2018-05-16 11:52:44 [twisted] CRITICAL: Unhandled error in Deferred:
2018-05-16 11:52:44 [twisted] CRITICAL: 
Traceback (most recent call last):
  File "c:\users\administrator.bf-20161231itge\appdata\local\programs\python\python36-32\lib\site-packages\twisted\internet\defer.py", line 1386, in _inlineCallbacks
    result = g.send(result)
  File "c:\users\administrator.bf-20161231itge\appdata\local\programs\python\python36-32\lib\site-packages\scrapy\crawler.py", line 80, in crawl
    self.engine = self._create_engine()
  File "c:\users\administrator.bf-20161231itge\appdata\local\programs\python\python36-32\lib\site-packages\scrapy\crawler.py", line 105, in _create_engine
    return ExecutionEngine(self, lambda _: self.stop())
  File "c:\users\administrator.bf-20161231itge\appdata\local\programs\python\python36-32\lib\site-packages\scrapy\core\engine.py", line 70, in __init__
    self.scraper = Scraper(crawler)
  File "c:\users\administrator.bf-20161231itge\appdata\local\programs\python\python36-32\lib\site-packages\scrapy\core\scraper.py", line 71, in __init__
    self.itemproc = itemproc_cls.from_crawler(crawler)
  File "c:\users\administrator.bf-20161231itge\appdata\local\programs\python\python36-32\lib\site-packages\scrapy\middleware.py", line 58, in from_crawler
    return cls.from_settings(crawler.settings, crawler)
  File "c:\users\administrator.bf-20161231itge\appdata\local\programs\python\python36-32\lib\site-packages\scrapy\middleware.py", line 40, in from_settings
    mw = mwcls()
  File "i:\Desktop\gittest\vuepath\scrapy\myblog\myblog\pipelines.py", line 16, in __init__
    self.file = codecs.open('questions.json', 'w', encoding='utf-8')
NameError: name 'codecs' is not defined
